2025-02-10 15:51:03,622 - INFO - Starting URL scan in directory: .
2025-02-10 15:51:03,623 - INFO - Scanning directory: .
2025-02-10 15:51:03,625 - WARNING - Could not read file .\KittyRec.exe: 'utf-8' codec can't decode byte 0x90 in position 2: invalid start byte
2025-02-10 15:51:03,625 - INFO - Found 2 URLs in KittyRec.exe.Source code.txt
2025-02-10 15:51:03,627 - INFO - Found 1 URLs in Setup.txt
2025-02-10 15:51:03,627 - INFO - Found 1 URLs in Update.bat
2025-02-10 15:51:03,628 - INFO - Scanning directory: .\Avatar Loader
2025-02-10 15:51:03,630 - INFO - Scanning directory: .\Avatar Loader\USER-INFO-LOCAT
2025-02-10 15:51:03,630 - INFO - Scanning directory: .\data
2025-02-10 15:51:03,658 - INFO - Found 1 URLs in data\index.js
2025-02-10 15:51:03,676 - INFO - Found 1 URLs in data\KittyRec.py
2025-02-10 15:51:03,719 - INFO - Found 340 URLs in data\package-lock.json
2025-02-10 15:51:03,744 - INFO - Found 1 URLs in data\Setup.txt
2025-02-10 15:51:03,745 - INFO - Found 3 URLs in data\Update.py
2025-02-10 15:51:03,757 - INFO - Found 1 URLs in data\updater.py
2025-02-10 15:51:03,759 - INFO - Scanning directory: .\data\images
2025-02-10 15:51:03,767 - WARNING - Could not read file .\data\images\1738302120.png: 'utf-8' codec can't decode byte 0x89 in position 0: invalid start byte
2025-02-10 15:51:03,774 - WARNING - Could not read file .\data\images\1738365146.png: 'utf-8' codec can't decode byte 0x89 in position 0: invalid start byte
2025-02-10 15:51:03,775 - INFO - Scanning directory: .\data\logs
2025-02-10 15:51:03,783 - INFO - Found 2 URLs in data\logs\sync.log
2025-02-10 15:51:03,793 - INFO - Found 5 URLs in data\logs\update.log
2025-02-10 15:51:03,794 - INFO - Scanning directory: .\data\node_modules
2025-02-10 15:51:03,828 - INFO - Found 340 URLs in data\node_modules\.package-lock.json
2025-02-10 15:51:03,840 - INFO - Scanning directory: .\data\node_modules\.bin
2025-02-10 15:51:04,212 - INFO - Scanning directory: .\data\node_modules\@sindresorhus
2025-02-10 15:51:04,212 - INFO - Scanning directory: .\data\node_modules\@sindresorhus\is
2025-02-10 15:51:04,222 - INFO - Found 2 URLs in data\node_modules\@sindresorhus\is\license
2025-02-10 15:51:04,231 - INFO - Found 2 URLs in data\node_modules\@sindresorhus\is\package.json
2025-02-10 15:51:04,254 - INFO - Found 16 URLs in data\node_modules\@sindresorhus\is\readme.md
2025-02-10 15:51:04,255 - INFO - Scanning directory: .\data\node_modules\@sindresorhus\is\dist
2025-02-10 15:51:04,319 - INFO - Found 3 URLs in data\node_modules\@sindresorhus\is\dist\index.js
2025-02-10 15:51:04,662 - INFO - Scanning directory: .\data\node_modules\@sindresorhus\is\dist\source
2025-02-10 15:51:05,097 - INFO - Scanning directory: .\data\node_modules\@sindresorhus\is\dist\source\tests
2025-02-10 15:51:05,127 - INFO - Found 1 URLs in data\node_modules\@sindresorhus\is\dist\source\tests\test.js
2025-02-10 15:51:07,251 - INFO - Scanning directory: .\data\node_modules\accepts
2025-02-10 15:51:07,299 - INFO - Found 2 URLs in data\node_modules\accepts\LICENSE
2025-02-10 15:51:07,309 - INFO - Found 3 URLs in data\node_modules\accepts\package.json
2025-02-10 15:51:07,329 - INFO - Found 15 URLs in data\node_modules\accepts\README.md
2025-02-10 15:51:07,330 - INFO - Scanning directory: .\data\node_modules\ajv
2025-02-10 15:51:07,345 - INFO - Found 1 URLs in data\node_modules\ajv\.tonic_example.js
2025-02-10 15:51:07,364 - INFO - Found 5 URLs in data\node_modules\ajv\package.json
2025-02-10 15:51:07,392 - INFO - Found 178 URLs in data\node_modules\ajv\README.md
2025-02-10 15:51:07,392 - INFO - Scanning directory: .\data\node_modules\ajv\dist
2025-02-10 15:51:07,531 - INFO - Found 43 URLs in data\node_modules\ajv\dist\ajv.bundle.js
2025-02-10 15:51:07,666 - INFO - Found 52 URLs in data\node_modules\ajv\dist\ajv.min.js
