2025-02-10 15:53:41,007 - INFO - Starting URL scan in directory: .
2025-02-10 15:53:41,008 - INFO - Scanning directory: .
2025-02-10 15:53:41,010 - WARNING - Could not read file .\KittyRec.exe: 'utf-8' codec can't decode byte 0x90 in position 2: invalid start byte
2025-02-10 15:53:41,012 - INFO - Found and saved 2 URLs in KittyRec.exe.Source code.txt
2025-02-10 15:53:41,025 - INFO - Found and saved 1 URLs in Setup.txt
2025-02-10 15:53:41,038 - INFO - Found and saved 1 URLs in Update.bat
2025-02-10 15:53:41,039 - INFO - Scanning directory: .\Avatar Loader
2025-02-10 15:53:41,041 - INFO - Scanning directory: .\Avatar Loader\USER-INFO-LOCAT
2025-02-10 15:53:41,041 - INFO - Scanning directory: .\data
2025-02-10 15:53:41,052 - INFO - Found and saved 1 URLs in data\index.js
2025-02-10 15:53:41,065 - INFO - Found and saved 1 URLs in data\KittyRec.py
2025-02-10 15:53:41,106 - INFO - Found and saved 340 URLs in data\package-lock.json
2025-02-10 15:53:41,130 - INFO - Found and saved 1 URLs in data\Setup.txt
2025-02-10 15:53:41,154 - INFO - Found and saved 3 URLs in data\Update.py
2025-02-10 15:53:41,178 - INFO - Found and saved 1 URLs in data\updater.py
2025-02-10 15:53:41,179 - INFO - Scanning directory: .\data\images
2025-02-10 15:53:41,180 - WARNING - Could not read file .\data\images\1738302120.png: 'utf-8' codec can't decode byte 0x89 in position 0: invalid start byte
2025-02-10 15:53:41,180 - WARNING - Could not read file .\data\images\1738365146.png: 'utf-8' codec can't decode byte 0x89 in position 0: invalid start byte
2025-02-10 15:53:41,181 - INFO - Scanning directory: .\data\logs
2025-02-10 15:53:41,202 - INFO - Found and saved 2 URLs in data\logs\sync.log
2025-02-10 15:53:41,225 - INFO - Found and saved 5 URLs in data\logs\update.log
2025-02-10 15:53:41,226 - INFO - Scanning directory: .\data\node_modules
2025-02-10 15:53:41,269 - INFO - Found and saved 340 URLs in data\node_modules\.package-lock.json
2025-02-10 15:53:41,283 - INFO - Scanning directory: .\data\node_modules\.bin
2025-02-10 15:53:41,291 - INFO - Scanning directory: .\data\node_modules\@sindresorhus
2025-02-10 15:53:41,291 - INFO - Scanning directory: .\data\node_modules\@sindresorhus\is
2025-02-10 15:53:41,314 - INFO - Found and saved 2 URLs in data\node_modules\@sindresorhus\is\license
2025-02-10 15:53:41,338 - INFO - Found and saved 2 URLs in data\node_modules\@sindresorhus\is\package.json
2025-02-10 15:53:41,362 - INFO - Found and saved 16 URLs in data\node_modules\@sindresorhus\is\readme.md
2025-02-10 15:53:41,362 - INFO - Scanning directory: .\data\node_modules\@sindresorhus\is\dist
2025-02-10 15:53:41,384 - INFO - Found and saved 3 URLs in data\node_modules\@sindresorhus\is\dist\index.js
2025-02-10 15:53:41,756 - INFO - Scanning directory: .\data\node_modules\@sindresorhus\is\dist\source
2025-02-10 15:53:42,114 - INFO - Scanning directory: .\data\node_modules\@sindresorhus\is\dist\source\tests
2025-02-10 15:53:42,138 - INFO - Found and saved 1 URLs in data\node_modules\@sindresorhus\is\dist\source\tests\test.js
2025-02-10 15:53:44,204 - INFO - Scanning directory: .\data\node_modules\accepts
2025-02-10 15:53:44,233 - INFO - Found and saved 2 URLs in data\node_modules\accepts\LICENSE
2025-02-10 15:53:44,259 - INFO - Found and saved 3 URLs in data\node_modules\accepts\package.json
2025-02-10 15:53:44,286 - INFO - Found and saved 15 URLs in data\node_modules\accepts\README.md
2025-02-10 15:53:44,286 - INFO - Scanning directory: .\data\node_modules\ajv
2025-02-10 15:53:44,310 - INFO - Found and saved 1 URLs in data\node_modules\ajv\.tonic_example.js
2025-02-10 15:53:44,335 - INFO - Found and saved 5 URLs in data\node_modules\ajv\package.json
2025-02-10 15:53:44,365 - INFO - Found and saved 178 URLs in data\node_modules\ajv\README.md
2025-02-10 15:53:44,366 - INFO - Scanning directory: .\data\node_modules\ajv\dist
2025-02-10 15:53:44,468 - INFO - Found and saved 43 URLs in data\node_modules\ajv\dist\ajv.bundle.js
2025-02-10 15:53:44,581 - INFO - Found and saved 52 URLs in data\node_modules\ajv\dist\ajv.min.js
