2025-02-10 15:55:00,068 - INFO - Starting URL scan in directory: . with 300 threads
2025-02-10 15:55:00,183 - INFO - Queueing files in directory: .
2025-02-10 15:55:00,303 - INFO - Queueing files in directory: .\Avatar Loader
2025-02-10 15:55:00,305 - INFO - Queueing files in directory: .\Avatar Loader\USER-INFO-LOCAT
2025-02-10 15:55:00,307 - INFO - Queueing files in directory: .\data
2025-02-10 15:55:00,313 - INFO - Found and saved 1 URLs in Update.bat
2025-02-10 15:55:00,340 - INFO - Queueing files in directory: .\data\images
2025-02-10 15:55:00,341 - INFO - Queueing files in directory: .\data\logs
2025-02-10 15:55:00,445 - INFO - Queueing files in directory: .\data\node_modules
2025-02-10 15:55:00,467 - INFO - Found and saved 1 URLs in Setup.txt
2025-02-10 15:55:00,477 - INFO - Queueing files in directory: .\data\node_modules\.bin
2025-02-10 15:55:00,479 - INFO - Queueing files in directory: .\data\node_modules\@sindresorhus
2025-02-10 15:55:00,483 - INFO - Queueing files in directory: .\data\node_modules\@sindresorhus\is
2025-02-10 15:55:00,485 - INFO - Queueing files in directory: .\data\node_modules\@sindresorhus\is\dist
2025-02-10 15:55:00,486 - INFO - Queueing files in directory: .\data\node_modules\@sindresorhus\is\dist\source
2025-02-10 15:55:00,857 - INFO - Queueing files in directory: .\data\node_modules\@sindresorhus\is\dist\source\tests
2025-02-10 15:55:01,216 - INFO - Queueing files in directory: .\data\node_modules\accepts
2025-02-10 15:55:03,458 - INFO - Queueing files in directory: .\data\node_modules\ajv
2025-02-10 15:55:03,469 - INFO - Queueing files in directory: .\data\node_modules\ajv\dist
2025-02-10 15:55:03,470 - INFO - Found and saved 2 URLs in KittyRec.exe.Source code.txt
2025-02-10 15:55:03,470 - INFO - Queueing files in directory: .\data\node_modules\ajv\lib
2025-02-10 15:56:27,963 - INFO - Queueing files in directory: .\data\node_modules\ajv\lib\compile
2025-02-10 15:56:27,967 - INFO - Queueing files in directory: .\data\node_modules\ajv\lib\dot
2025-02-10 15:56:27,969 - INFO - Found and saved 1 URLs in data\Setup.txt
2025-02-10 15:56:28,082 - INFO - Queueing files in directory: .\data\node_modules\ajv\lib\dotjs
2025-02-10 15:56:28,096 - INFO - Queueing files in directory: .\data\node_modules\ajv\lib\refs
2025-02-10 15:56:28,145 - INFO - Found and saved 3 URLs in data\Update.py
2025-02-10 15:56:28,159 - INFO - Queueing files in directory: .\data\node_modules\ajv\scripts
2025-02-10 15:56:28,187 - INFO - Queueing files in directory: .\data\node_modules\ansi-escapes
2025-02-10 15:56:28,198 - INFO - Queueing files in directory: .\data\node_modules\ansi-regex
2025-02-10 15:56:28,200 - INFO - Queueing files in directory: .\data\node_modules\ansi-styles
2025-02-10 15:56:28,215 - INFO - Found and saved 1 URLs in data\node_modules\ajv\lib\dotjs\const.js
2025-02-10 15:56:28,223 - INFO - Queueing files in directory: .\data\node_modules\append-field
2025-02-10 15:56:28,231 - INFO - Queueing files in directory: .\data\node_modules\append-field\lib
2025-02-10 15:56:28,234 - INFO - Queueing files in directory: .\data\node_modules\append-field\test
2025-02-10 15:56:28,234 - INFO - Queueing files in directory: .\data\node_modules\arch
2025-02-10 15:56:28,235 - INFO - Queueing files in directory: .\data\node_modules\archive-type
2025-02-10 15:56:28,246 - INFO - Queueing files in directory: .\data\node_modules\archive-type\node_modules
2025-02-10 15:56:28,270 - INFO - Queueing files in directory: .\data\node_modules\archive-type\node_modules\file-type
2025-02-10 15:56:28,281 - INFO - Queueing files in directory: .\data\node_modules\array-flatten
2025-02-10 15:56:28,285 - INFO - Queueing files in directory: .\data\node_modules\asn1
2025-02-10 15:56:28,288 - INFO - Queueing files in directory: .\data\node_modules\asn1\lib
2025-02-10 15:56:28,299 - INFO - Found and saved 340 URLs in data\package-lock.json
2025-02-10 15:56:28,301 - INFO - Queueing files in directory: .\data\node_modules\asn1\lib\ber
2025-02-10 15:56:28,309 - INFO - Queueing files in directory: .\data\node_modules\assert-plus
2025-02-10 15:56:28,318 - INFO - Queueing files in directory: .\data\node_modules\asynckit
2025-02-10 15:56:28,353 - INFO - Found and saved 1 URLs in data\updater.py
2025-02-10 15:56:28,385 - INFO - Queueing files in directory: .\data\node_modules\asynckit\lib
2025-02-10 15:56:28,394 - INFO - Queueing files in directory: .\data\node_modules\aws-sign2
2025-02-10 15:56:28,395 - INFO - Queueing files in directory: .\data\node_modules\aws4
2025-02-10 15:56:28,396 - INFO - Queueing files in directory: .\data\node_modules\aws4\.github
2025-02-10 15:56:28,410 - INFO - Queueing files in directory: .\data\node_modules\axios
2025-02-10 15:56:28,415 - INFO - Queueing files in directory: .\data\node_modules\axios\dist
2025-02-10 15:56:28,453 - INFO - Queueing files in directory: .\data\node_modules\axios\dist\browser
2025-02-10 15:57:45,312 - INFO - Queueing files in directory: .\data\node_modules\axios\dist\esm
